[2025-12-05 14:20:35,911][httpx][INFO] - HTTP Request: HEAD https://huggingface.co/microsoft/phi-1_5/resolve/main/tokenizer_config.json "HTTP/1.1 307 Temporary Redirect"
[2025-12-05 14:20:35,916][httpx][INFO] - HTTP Request: HEAD https://huggingface.co/api/resolve-cache/models/microsoft/phi-1_5/77aa61eeac94fbf33d492b9f2744c98b42d5b5eb/tokenizer_config.json "HTTP/1.1 200 OK"
[2025-12-05 14:20:35,921][httpx][INFO] - HTTP Request: GET https://huggingface.co/api/resolve-cache/models/microsoft/phi-1_5/77aa61eeac94fbf33d492b9f2744c98b42d5b5eb/tokenizer_config.json "HTTP/1.1 200 OK"
[2025-12-05 14:20:35,973][httpx][INFO] - HTTP Request: HEAD https://huggingface.co/microsoft/phi-1_5/resolve/main/tokenizer.json "HTTP/1.1 307 Temporary Redirect"
[2025-12-05 14:20:36,015][httpx][INFO] - HTTP Request: GET https://huggingface.co/api/models/microsoft/phi-1_5/tree/main/additional_chat_templates?recursive=false&expand=false "HTTP/1.1 404 Not Found"
[2025-12-05 14:20:36,070][httpx][INFO] - HTTP Request: GET https://huggingface.co/api/models/microsoft/phi-1_5/tree/main?recursive=true&expand=false "HTTP/1.1 200 OK"
[2025-12-05 14:20:36,115][httpx][INFO] - HTTP Request: HEAD https://huggingface.co/microsoft/phi-1_5/resolve/main/vocab.json "HTTP/1.1 307 Temporary Redirect"
[2025-12-05 14:20:36,120][httpx][INFO] - HTTP Request: HEAD https://huggingface.co/api/resolve-cache/models/microsoft/phi-1_5/77aa61eeac94fbf33d492b9f2744c98b42d5b5eb/vocab.json "HTTP/1.1 200 OK"
[2025-12-05 14:20:36,126][httpx][INFO] - HTTP Request: GET https://huggingface.co/api/resolve-cache/models/microsoft/phi-1_5/77aa61eeac94fbf33d492b9f2744c98b42d5b5eb/vocab.json "HTTP/1.1 200 OK"
[2025-12-05 14:20:36,183][httpx][INFO] - HTTP Request: HEAD https://huggingface.co/microsoft/phi-1_5/resolve/main/merges.txt "HTTP/1.1 307 Temporary Redirect"
[2025-12-05 14:20:36,188][httpx][INFO] - HTTP Request: HEAD https://huggingface.co/api/resolve-cache/models/microsoft/phi-1_5/77aa61eeac94fbf33d492b9f2744c98b42d5b5eb/merges.txt "HTTP/1.1 200 OK"
[2025-12-05 14:20:36,193][httpx][INFO] - HTTP Request: GET https://huggingface.co/api/resolve-cache/models/microsoft/phi-1_5/77aa61eeac94fbf33d492b9f2744c98b42d5b5eb/merges.txt "HTTP/1.1 200 OK"
[2025-12-05 14:20:36,244][httpx][INFO] - HTTP Request: HEAD https://huggingface.co/microsoft/phi-1_5/resolve/main/added_tokens.json "HTTP/1.1 307 Temporary Redirect"
[2025-12-05 14:20:36,250][httpx][INFO] - HTTP Request: HEAD https://huggingface.co/api/resolve-cache/models/microsoft/phi-1_5/77aa61eeac94fbf33d492b9f2744c98b42d5b5eb/added_tokens.json "HTTP/1.1 200 OK"
[2025-12-05 14:20:36,256][httpx][INFO] - HTTP Request: GET https://huggingface.co/api/resolve-cache/models/microsoft/phi-1_5/77aa61eeac94fbf33d492b9f2744c98b42d5b5eb/added_tokens.json "HTTP/1.1 200 OK"
[2025-12-05 14:20:36,303][httpx][INFO] - HTTP Request: HEAD https://huggingface.co/microsoft/phi-1_5/resolve/main/special_tokens_map.json "HTTP/1.1 307 Temporary Redirect"
[2025-12-05 14:20:36,308][httpx][INFO] - HTTP Request: HEAD https://huggingface.co/api/resolve-cache/models/microsoft/phi-1_5/77aa61eeac94fbf33d492b9f2744c98b42d5b5eb/special_tokens_map.json "HTTP/1.1 200 OK"
[2025-12-05 14:20:36,313][httpx][INFO] - HTTP Request: GET https://huggingface.co/api/resolve-cache/models/microsoft/phi-1_5/77aa61eeac94fbf33d492b9f2744c98b42d5b5eb/special_tokens_map.json "HTTP/1.1 200 OK"
[2025-12-05 14:20:36,377][httpx][INFO] - HTTP Request: HEAD https://huggingface.co/microsoft/phi-1_5/resolve/main/tokenizer.json "HTTP/1.1 307 Temporary Redirect"
[2025-12-05 14:20:36,382][httpx][INFO] - HTTP Request: HEAD https://huggingface.co/api/resolve-cache/models/microsoft/phi-1_5/77aa61eeac94fbf33d492b9f2744c98b42d5b5eb/tokenizer.json "HTTP/1.1 200 OK"
[2025-12-05 14:20:36,387][httpx][INFO] - HTTP Request: GET https://huggingface.co/api/resolve-cache/models/microsoft/phi-1_5/77aa61eeac94fbf33d492b9f2744c98b42d5b5eb/tokenizer.json "HTTP/1.1 200 OK"
[2025-12-05 14:20:36,446][httpx][INFO] - HTTP Request: HEAD https://huggingface.co/microsoft/phi-1_5/resolve/main/chat_template.jinja "HTTP/1.1 404 Not Found"
[2025-12-05 14:20:36,560][httpx][INFO] - HTTP Request: HEAD https://huggingface.co/datasets/locuslab/TOFU/resolve/main/README.md "HTTP/1.1 307 Temporary Redirect"
[2025-12-05 14:20:36,565][httpx][INFO] - HTTP Request: HEAD https://huggingface.co/api/resolve-cache/datasets/locuslab/TOFU/324592d84ae4f482ac7249b9285c2ecdb53e3a68/README.md "HTTP/1.1 200 OK"
[2025-12-05 14:20:36,596][httpx][INFO] - HTTP Request: GET https://huggingface.co/api/resolve-cache/datasets/locuslab/TOFU/324592d84ae4f482ac7249b9285c2ecdb53e3a68/README.md "HTTP/1.1 200 OK"
[2025-12-05 14:20:36,634][httpx][INFO] - HTTP Request: HEAD https://huggingface.co/datasets/locuslab/TOFU/resolve/324592d84ae4f482ac7249b9285c2ecdb53e3a68/TOFU.py "HTTP/1.1 404 Not Found"
[2025-12-05 14:20:36,727][httpx][INFO] - HTTP Request: HEAD https://s3.amazonaws.com/datasets.huggingface.co/datasets/datasets/locuslab/TOFU/locuslab/TOFU.py "HTTP/1.1 404 Not Found"
[2025-12-05 14:20:36,776][httpx][INFO] - HTTP Request: GET https://huggingface.co/api/datasets/locuslab/TOFU/revision/324592d84ae4f482ac7249b9285c2ecdb53e3a68 "HTTP/1.1 200 OK"
[2025-12-05 14:20:36,814][httpx][INFO] - HTTP Request: HEAD https://huggingface.co/datasets/locuslab/TOFU/resolve/324592d84ae4f482ac7249b9285c2ecdb53e3a68/.huggingface.yaml "HTTP/1.1 404 Not Found"
[2025-12-05 14:20:36,937][httpx][INFO] - HTTP Request: GET https://datasets-server.huggingface.co/info?dataset=locuslab/TOFU "HTTP/1.1 200 OK"
[2025-12-05 14:20:36,989][httpx][INFO] - HTTP Request: GET https://huggingface.co/api/datasets/locuslab/TOFU/tree/324592d84ae4f482ac7249b9285c2ecdb53e3a68?recursive=false&expand=false "HTTP/1.1 200 OK"
[2025-12-05 14:20:37,026][httpx][INFO] - HTTP Request: HEAD https://huggingface.co/datasets/locuslab/TOFU/resolve/324592d84ae4f482ac7249b9285c2ecdb53e3a68/dataset_infos.json "HTTP/1.1 404 Not Found"
[2025-12-05 14:20:37,095][httpx][INFO] - HTTP Request: HEAD https://huggingface.co/datasets/locuslab/TOFU/resolve/324592d84ae4f482ac7249b9285c2ecdb53e3a68/full.json "HTTP/1.1 307 Temporary Redirect"
[2025-12-05 14:20:37,100][httpx][INFO] - HTTP Request: HEAD https://huggingface.co/api/resolve-cache/datasets/locuslab/TOFU/324592d84ae4f482ac7249b9285c2ecdb53e3a68/full.json "HTTP/1.1 200 OK"
[2025-12-05 14:20:37,105][httpx][INFO] - HTTP Request: GET https://huggingface.co/api/resolve-cache/datasets/locuslab/TOFU/324592d84ae4f482ac7249b9285c2ecdb53e3a68/full.json "HTTP/1.1 200 OK"
