[2025-12-05 14:32:19,710][httpx][INFO] - HTTP Request: HEAD https://huggingface.co/microsoft/phi-1_5/resolve/main/tokenizer_config.json "HTTP/1.1 307 Temporary Redirect"
[2025-12-05 14:32:19,716][httpx][INFO] - HTTP Request: HEAD https://huggingface.co/api/resolve-cache/models/microsoft/phi-1_5/77aa61eeac94fbf33d492b9f2744c98b42d5b5eb/tokenizer_config.json "HTTP/1.1 200 OK"
[2025-12-05 14:32:19,788][httpx][INFO] - HTTP Request: HEAD https://huggingface.co/microsoft/phi-1_5/resolve/main/tokenizer.json "HTTP/1.1 307 Temporary Redirect"
[2025-12-05 14:32:19,834][httpx][INFO] - HTTP Request: GET https://huggingface.co/api/models/microsoft/phi-1_5/tree/main/additional_chat_templates?recursive=false&expand=false "HTTP/1.1 404 Not Found"
[2025-12-05 14:32:19,881][httpx][INFO] - HTTP Request: GET https://huggingface.co/api/models/microsoft/phi-1_5/tree/main?recursive=true&expand=false "HTTP/1.1 200 OK"
[2025-12-05 14:32:19,912][httpx][INFO] - HTTP Request: HEAD https://huggingface.co/microsoft/phi-1_5/resolve/main/tokenizer_config.json "HTTP/1.1 307 Temporary Redirect"
[2025-12-05 14:32:19,917][httpx][INFO] - HTTP Request: HEAD https://huggingface.co/api/resolve-cache/models/microsoft/phi-1_5/77aa61eeac94fbf33d492b9f2744c98b42d5b5eb/tokenizer_config.json "HTTP/1.1 200 OK"
[2025-12-05 14:32:19,958][httpx][INFO] - HTTP Request: HEAD https://huggingface.co/microsoft/phi-1_5/resolve/main/tokenizer.json "HTTP/1.1 307 Temporary Redirect"
[2025-12-05 14:32:19,996][httpx][INFO] - HTTP Request: HEAD https://huggingface.co/datasets/locuslab/TOFU/resolve/main/README.md "HTTP/1.1 307 Temporary Redirect"
[2025-12-05 14:32:19,999][httpx][INFO] - HTTP Request: GET https://huggingface.co/api/models/microsoft/phi-1_5/tree/main/additional_chat_templates?recursive=false&expand=false "HTTP/1.1 404 Not Found"
[2025-12-05 14:32:20,002][httpx][INFO] - HTTP Request: HEAD https://huggingface.co/api/resolve-cache/datasets/locuslab/TOFU/324592d84ae4f482ac7249b9285c2ecdb53e3a68/README.md "HTTP/1.1 200 OK"
[2025-12-05 14:32:20,037][httpx][INFO] - HTTP Request: HEAD https://huggingface.co/datasets/locuslab/TOFU/resolve/324592d84ae4f482ac7249b9285c2ecdb53e3a68/TOFU.py "HTTP/1.1 404 Not Found"
[2025-12-05 14:32:20,037][httpx][INFO] - HTTP Request: GET https://huggingface.co/api/models/microsoft/phi-1_5/tree/main?recursive=true&expand=false "HTTP/1.1 200 OK"
[2025-12-05 14:32:20,128][httpx][INFO] - HTTP Request: HEAD https://s3.amazonaws.com/datasets.huggingface.co/datasets/datasets/locuslab/TOFU/locuslab/TOFU.py "HTTP/1.1 404 Not Found"
[2025-12-05 14:32:20,155][httpx][INFO] - HTTP Request: HEAD https://huggingface.co/datasets/locuslab/TOFU/resolve/main/README.md "HTTP/1.1 307 Temporary Redirect"
[2025-12-05 14:32:20,160][httpx][INFO] - HTTP Request: HEAD https://huggingface.co/api/resolve-cache/datasets/locuslab/TOFU/324592d84ae4f482ac7249b9285c2ecdb53e3a68/README.md "HTTP/1.1 200 OK"
[2025-12-05 14:32:20,171][httpx][INFO] - HTTP Request: GET https://huggingface.co/api/datasets/locuslab/TOFU/revision/324592d84ae4f482ac7249b9285c2ecdb53e3a68 "HTTP/1.1 200 OK"
[2025-12-05 14:32:20,196][httpx][INFO] - HTTP Request: HEAD https://huggingface.co/datasets/locuslab/TOFU/resolve/324592d84ae4f482ac7249b9285c2ecdb53e3a68/TOFU.py "HTTP/1.1 404 Not Found"
[2025-12-05 14:32:20,210][httpx][INFO] - HTTP Request: HEAD https://huggingface.co/datasets/locuslab/TOFU/resolve/324592d84ae4f482ac7249b9285c2ecdb53e3a68/.huggingface.yaml "HTTP/1.1 404 Not Found"
[2025-12-05 14:32:20,294][httpx][INFO] - HTTP Request: GET https://datasets-server.huggingface.co/info?dataset=locuslab/TOFU "HTTP/1.1 200 OK"
[2025-12-05 14:32:20,294][httpx][INFO] - HTTP Request: HEAD https://s3.amazonaws.com/datasets.huggingface.co/datasets/datasets/locuslab/TOFU/locuslab/TOFU.py "HTTP/1.1 404 Not Found"
[2025-12-05 14:32:20,333][httpx][INFO] - HTTP Request: GET https://huggingface.co/api/datasets/locuslab/TOFU/revision/324592d84ae4f482ac7249b9285c2ecdb53e3a68 "HTTP/1.1 200 OK"
[2025-12-05 14:32:20,341][httpx][INFO] - HTTP Request: GET https://huggingface.co/api/datasets/locuslab/TOFU/tree/324592d84ae4f482ac7249b9285c2ecdb53e3a68?recursive=false&expand=false "HTTP/1.1 200 OK"
[2025-12-05 14:32:20,371][httpx][INFO] - HTTP Request: HEAD https://huggingface.co/datasets/locuslab/TOFU/resolve/324592d84ae4f482ac7249b9285c2ecdb53e3a68/.huggingface.yaml "HTTP/1.1 404 Not Found"
[2025-12-05 14:32:20,379][httpx][INFO] - HTTP Request: HEAD https://huggingface.co/datasets/locuslab/TOFU/resolve/324592d84ae4f482ac7249b9285c2ecdb53e3a68/dataset_infos.json "HTTP/1.1 404 Not Found"
[2025-12-05 14:32:20,450][httpx][INFO] - HTTP Request: GET https://datasets-server.huggingface.co/info?dataset=locuslab/TOFU "HTTP/1.1 200 OK"
[2025-12-05 14:32:20,506][httpx][INFO] - HTTP Request: GET https://huggingface.co/api/datasets/locuslab/TOFU/tree/324592d84ae4f482ac7249b9285c2ecdb53e3a68?recursive=false&expand=false "HTTP/1.1 200 OK"
[2025-12-05 14:32:20,546][httpx][INFO] - HTTP Request: HEAD https://huggingface.co/datasets/locuslab/TOFU/resolve/324592d84ae4f482ac7249b9285c2ecdb53e3a68/dataset_infos.json "HTTP/1.1 404 Not Found"
[2025-12-05 14:32:20,813][httpx][INFO] - HTTP Request: HEAD https://huggingface.co/microsoft/phi-1_5/resolve/main/config.json "HTTP/1.1 307 Temporary Redirect"
[2025-12-05 14:32:20,818][httpx][INFO] - HTTP Request: HEAD https://huggingface.co/api/resolve-cache/models/microsoft/phi-1_5/77aa61eeac94fbf33d492b9f2744c98b42d5b5eb/config.json "HTTP/1.1 200 OK"
[2025-12-05 14:32:20,824][httpx][INFO] - HTTP Request: HEAD https://huggingface.co/microsoft/phi-1_5/resolve/main/config.json "HTTP/1.1 307 Temporary Redirect"
[2025-12-05 14:32:20,828][httpx][INFO] - HTTP Request: HEAD https://huggingface.co/api/resolve-cache/models/microsoft/phi-1_5/77aa61eeac94fbf33d492b9f2744c98b42d5b5eb/config.json "HTTP/1.1 200 OK"
[2025-12-05 14:32:20,857][httpx][INFO] - HTTP Request: HEAD https://huggingface.co/microsoft/phi-1_5/resolve/main/config.json "HTTP/1.1 307 Temporary Redirect"
[2025-12-05 14:32:20,862][httpx][INFO] - HTTP Request: HEAD https://huggingface.co/api/resolve-cache/models/microsoft/phi-1_5/77aa61eeac94fbf33d492b9f2744c98b42d5b5eb/config.json "HTTP/1.1 200 OK"
[2025-12-05 14:32:20,871][httpx][INFO] - HTTP Request: HEAD https://huggingface.co/microsoft/phi-1_5/resolve/main/config.json "HTTP/1.1 307 Temporary Redirect"
[2025-12-05 14:32:20,875][httpx][INFO] - HTTP Request: HEAD https://huggingface.co/api/resolve-cache/models/microsoft/phi-1_5/77aa61eeac94fbf33d492b9f2744c98b42d5b5eb/config.json "HTTP/1.1 200 OK"
