[2025-12-05 14:27:21,523][httpx][INFO] - HTTP Request: HEAD https://huggingface.co/microsoft/phi-1_5/resolve/main/tokenizer_config.json "HTTP/1.1 307 Temporary Redirect"
[2025-12-05 14:27:21,531][httpx][INFO] - HTTP Request: HEAD https://huggingface.co/api/resolve-cache/models/microsoft/phi-1_5/77aa61eeac94fbf33d492b9f2744c98b42d5b5eb/tokenizer_config.json "HTTP/1.1 200 OK"
[2025-12-05 14:27:21,567][httpx][INFO] - HTTP Request: HEAD https://huggingface.co/microsoft/phi-1_5/resolve/main/tokenizer.json "HTTP/1.1 307 Temporary Redirect"
[2025-12-05 14:27:21,607][httpx][INFO] - HTTP Request: GET https://huggingface.co/api/models/microsoft/phi-1_5/tree/main/additional_chat_templates?recursive=false&expand=false "HTTP/1.1 404 Not Found"
[2025-12-05 14:27:21,652][httpx][INFO] - HTTP Request: GET https://huggingface.co/api/models/microsoft/phi-1_5/tree/main?recursive=true&expand=false "HTTP/1.1 200 OK"
[2025-12-05 14:27:21,765][httpx][INFO] - HTTP Request: HEAD https://huggingface.co/datasets/locuslab/TOFU/resolve/main/README.md "HTTP/1.1 307 Temporary Redirect"
[2025-12-05 14:27:21,770][httpx][INFO] - HTTP Request: HEAD https://huggingface.co/api/resolve-cache/datasets/locuslab/TOFU/324592d84ae4f482ac7249b9285c2ecdb53e3a68/README.md "HTTP/1.1 200 OK"
[2025-12-05 14:27:21,808][httpx][INFO] - HTTP Request: HEAD https://huggingface.co/datasets/locuslab/TOFU/resolve/324592d84ae4f482ac7249b9285c2ecdb53e3a68/TOFU.py "HTTP/1.1 404 Not Found"
[2025-12-05 14:27:21,907][httpx][INFO] - HTTP Request: HEAD https://s3.amazonaws.com/datasets.huggingface.co/datasets/datasets/locuslab/TOFU/locuslab/TOFU.py "HTTP/1.1 404 Not Found"
[2025-12-05 14:27:21,954][httpx][INFO] - HTTP Request: GET https://huggingface.co/api/datasets/locuslab/TOFU/revision/324592d84ae4f482ac7249b9285c2ecdb53e3a68 "HTTP/1.1 200 OK"
[2025-12-05 14:27:22,054][httpx][INFO] - HTTP Request: HEAD https://huggingface.co/datasets/locuslab/TOFU/resolve/324592d84ae4f482ac7249b9285c2ecdb53e3a68/.huggingface.yaml "HTTP/1.1 404 Not Found"
[2025-12-05 14:27:22,129][httpx][INFO] - HTTP Request: GET https://datasets-server.huggingface.co/info?dataset=locuslab/TOFU "HTTP/1.1 200 OK"
[2025-12-05 14:27:22,232][httpx][INFO] - HTTP Request: GET https://huggingface.co/api/datasets/locuslab/TOFU/tree/324592d84ae4f482ac7249b9285c2ecdb53e3a68?recursive=false&expand=false "HTTP/1.1 200 OK"
[2025-12-05 14:27:22,270][httpx][INFO] - HTTP Request: HEAD https://huggingface.co/datasets/locuslab/TOFU/resolve/324592d84ae4f482ac7249b9285c2ecdb53e3a68/dataset_infos.json "HTTP/1.1 404 Not Found"
[2025-12-05 14:27:22,485][httpx][INFO] - HTTP Request: HEAD https://huggingface.co/microsoft/phi-1_5/resolve/main/config.json "HTTP/1.1 307 Temporary Redirect"
[2025-12-05 14:27:22,490][httpx][INFO] - HTTP Request: HEAD https://huggingface.co/api/resolve-cache/models/microsoft/phi-1_5/77aa61eeac94fbf33d492b9f2744c98b42d5b5eb/config.json "HTTP/1.1 200 OK"
[2025-12-05 14:27:22,495][httpx][INFO] - HTTP Request: GET https://huggingface.co/api/resolve-cache/models/microsoft/phi-1_5/77aa61eeac94fbf33d492b9f2744c98b42d5b5eb/config.json "HTTP/1.1 200 OK"
[2025-12-05 14:27:22,546][httpx][INFO] - HTTP Request: HEAD https://huggingface.co/microsoft/phi-1_5/resolve/main/adapter_config.json "HTTP/1.1 404 Not Found"
[2025-12-05 14:27:22,587][httpx][INFO] - HTTP Request: HEAD https://huggingface.co/microsoft/phi-1_5/resolve/main/config.json "HTTP/1.1 307 Temporary Redirect"
[2025-12-05 14:27:22,592][httpx][INFO] - HTTP Request: HEAD https://huggingface.co/api/resolve-cache/models/microsoft/phi-1_5/77aa61eeac94fbf33d492b9f2744c98b42d5b5eb/config.json "HTTP/1.1 200 OK"
[2025-12-05 14:27:22,676][httpx][INFO] - HTTP Request: HEAD https://huggingface.co/microsoft/phi-1_5/resolve/main/model.safetensors "HTTP/1.1 302 Found"
[2025-12-05 14:27:22,728][httpx][INFO] - HTTP Request: GET https://huggingface.co/api/models/microsoft/phi-1_5/xet-read-token/77aa61eeac94fbf33d492b9f2744c98b42d5b5eb "HTTP/1.1 200 OK"
