[2025-12-05 14:34:09,680][httpx][INFO] - HTTP Request: HEAD https://huggingface.co/microsoft/phi-1_5/resolve/main/tokenizer_config.json "HTTP/1.1 307 Temporary Redirect"
[2025-12-05 14:34:09,685][httpx][INFO] - HTTP Request: HEAD https://huggingface.co/api/resolve-cache/models/microsoft/phi-1_5/77aa61eeac94fbf33d492b9f2744c98b42d5b5eb/tokenizer_config.json "HTTP/1.1 200 OK"
[2025-12-05 14:34:09,724][httpx][INFO] - HTTP Request: HEAD https://huggingface.co/microsoft/phi-1_5/resolve/main/tokenizer.json "HTTP/1.1 307 Temporary Redirect"
[2025-12-05 14:34:09,765][httpx][INFO] - HTTP Request: GET https://huggingface.co/api/models/microsoft/phi-1_5/tree/main/additional_chat_templates?recursive=false&expand=false "HTTP/1.1 404 Not Found"
[2025-12-05 14:34:09,806][httpx][INFO] - HTTP Request: GET https://huggingface.co/api/models/microsoft/phi-1_5/tree/main?recursive=true&expand=false "HTTP/1.1 200 OK"
[2025-12-05 14:34:09,824][httpx][INFO] - HTTP Request: HEAD https://huggingface.co/microsoft/phi-1_5/resolve/main/tokenizer_config.json "HTTP/1.1 307 Temporary Redirect"
[2025-12-05 14:34:09,830][httpx][INFO] - HTTP Request: HEAD https://huggingface.co/api/resolve-cache/models/microsoft/phi-1_5/77aa61eeac94fbf33d492b9f2744c98b42d5b5eb/tokenizer_config.json "HTTP/1.1 200 OK"
[2025-12-05 14:34:09,869][httpx][INFO] - HTTP Request: HEAD https://huggingface.co/microsoft/phi-1_5/resolve/main/tokenizer.json "HTTP/1.1 307 Temporary Redirect"
[2025-12-05 14:34:09,911][httpx][INFO] - HTTP Request: GET https://huggingface.co/api/models/microsoft/phi-1_5/tree/main/additional_chat_templates?recursive=false&expand=false "HTTP/1.1 404 Not Found"
[2025-12-05 14:34:09,922][httpx][INFO] - HTTP Request: HEAD https://huggingface.co/datasets/locuslab/TOFU/resolve/main/README.md "HTTP/1.1 307 Temporary Redirect"
[2025-12-05 14:34:09,927][httpx][INFO] - HTTP Request: HEAD https://huggingface.co/api/resolve-cache/datasets/locuslab/TOFU/324592d84ae4f482ac7249b9285c2ecdb53e3a68/README.md "HTTP/1.1 200 OK"
[2025-12-05 14:34:09,952][httpx][INFO] - HTTP Request: GET https://huggingface.co/api/models/microsoft/phi-1_5/tree/main?recursive=true&expand=false "HTTP/1.1 200 OK"
[2025-12-05 14:34:09,970][httpx][INFO] - HTTP Request: HEAD https://huggingface.co/datasets/locuslab/TOFU/resolve/324592d84ae4f482ac7249b9285c2ecdb53e3a68/TOFU.py "HTTP/1.1 404 Not Found"
[2025-12-05 14:34:10,068][httpx][INFO] - HTTP Request: HEAD https://huggingface.co/datasets/locuslab/TOFU/resolve/main/README.md "HTTP/1.1 307 Temporary Redirect"
[2025-12-05 14:34:10,074][httpx][INFO] - HTTP Request: HEAD https://huggingface.co/api/resolve-cache/datasets/locuslab/TOFU/324592d84ae4f482ac7249b9285c2ecdb53e3a68/README.md "HTTP/1.1 200 OK"
[2025-12-05 14:34:10,075][httpx][INFO] - HTTP Request: HEAD https://s3.amazonaws.com/datasets.huggingface.co/datasets/datasets/locuslab/TOFU/locuslab/TOFU.py "HTTP/1.1 404 Not Found"
[2025-12-05 14:34:10,111][httpx][INFO] - HTTP Request: HEAD https://huggingface.co/datasets/locuslab/TOFU/resolve/324592d84ae4f482ac7249b9285c2ecdb53e3a68/TOFU.py "HTTP/1.1 404 Not Found"
[2025-12-05 14:34:10,124][httpx][INFO] - HTTP Request: GET https://huggingface.co/api/datasets/locuslab/TOFU/revision/324592d84ae4f482ac7249b9285c2ecdb53e3a68 "HTTP/1.1 200 OK"
[2025-12-05 14:34:10,162][httpx][INFO] - HTTP Request: HEAD https://huggingface.co/datasets/locuslab/TOFU/resolve/324592d84ae4f482ac7249b9285c2ecdb53e3a68/.huggingface.yaml "HTTP/1.1 404 Not Found"
[2025-12-05 14:34:10,214][httpx][INFO] - HTTP Request: HEAD https://s3.amazonaws.com/datasets.huggingface.co/datasets/datasets/locuslab/TOFU/locuslab/TOFU.py "HTTP/1.1 404 Not Found"
[2025-12-05 14:34:10,254][httpx][INFO] - HTTP Request: GET https://huggingface.co/api/datasets/locuslab/TOFU/revision/324592d84ae4f482ac7249b9285c2ecdb53e3a68 "HTTP/1.1 200 OK"
[2025-12-05 14:34:10,283][httpx][INFO] - HTTP Request: GET https://datasets-server.huggingface.co/info?dataset=locuslab/TOFU "HTTP/1.1 200 OK"
[2025-12-05 14:34:10,291][httpx][INFO] - HTTP Request: HEAD https://huggingface.co/datasets/locuslab/TOFU/resolve/324592d84ae4f482ac7249b9285c2ecdb53e3a68/.huggingface.yaml "HTTP/1.1 404 Not Found"
[2025-12-05 14:34:10,322][httpx][INFO] - HTTP Request: GET https://huggingface.co/api/datasets/locuslab/TOFU/tree/324592d84ae4f482ac7249b9285c2ecdb53e3a68?recursive=false&expand=false "HTTP/1.1 200 OK"
[2025-12-05 14:34:10,361][httpx][INFO] - HTTP Request: HEAD https://huggingface.co/datasets/locuslab/TOFU/resolve/324592d84ae4f482ac7249b9285c2ecdb53e3a68/dataset_infos.json "HTTP/1.1 404 Not Found"
[2025-12-05 14:34:10,368][httpx][INFO] - HTTP Request: GET https://datasets-server.huggingface.co/info?dataset=locuslab/TOFU "HTTP/1.1 200 OK"
[2025-12-05 14:34:10,416][httpx][INFO] - HTTP Request: GET https://huggingface.co/api/datasets/locuslab/TOFU/tree/324592d84ae4f482ac7249b9285c2ecdb53e3a68?recursive=false&expand=false "HTTP/1.1 200 OK"
[2025-12-05 14:34:10,454][httpx][INFO] - HTTP Request: HEAD https://huggingface.co/datasets/locuslab/TOFU/resolve/324592d84ae4f482ac7249b9285c2ecdb53e3a68/dataset_infos.json "HTTP/1.1 404 Not Found"
[2025-12-05 14:34:10,718][httpx][INFO] - HTTP Request: HEAD https://huggingface.co/microsoft/phi-1_5/resolve/main/config.json "HTTP/1.1 307 Temporary Redirect"
[2025-12-05 14:34:10,722][httpx][INFO] - HTTP Request: HEAD https://huggingface.co/api/resolve-cache/models/microsoft/phi-1_5/77aa61eeac94fbf33d492b9f2744c98b42d5b5eb/config.json "HTTP/1.1 200 OK"
[2025-12-05 14:34:10,724][httpx][INFO] - HTTP Request: HEAD https://huggingface.co/microsoft/phi-1_5/resolve/main/config.json "HTTP/1.1 307 Temporary Redirect"
[2025-12-05 14:34:10,728][httpx][INFO] - HTTP Request: HEAD https://huggingface.co/api/resolve-cache/models/microsoft/phi-1_5/77aa61eeac94fbf33d492b9f2744c98b42d5b5eb/config.json "HTTP/1.1 200 OK"
[2025-12-05 14:34:10,763][httpx][INFO] - HTTP Request: HEAD https://huggingface.co/microsoft/phi-1_5/resolve/main/config.json "HTTP/1.1 307 Temporary Redirect"
[2025-12-05 14:34:10,768][httpx][INFO] - HTTP Request: HEAD https://huggingface.co/microsoft/phi-1_5/resolve/main/config.json "HTTP/1.1 307 Temporary Redirect"
[2025-12-05 14:34:10,769][httpx][INFO] - HTTP Request: HEAD https://huggingface.co/api/resolve-cache/models/microsoft/phi-1_5/77aa61eeac94fbf33d492b9f2744c98b42d5b5eb/config.json "HTTP/1.1 200 OK"
[2025-12-05 14:34:10,774][httpx][INFO] - HTTP Request: HEAD https://huggingface.co/api/resolve-cache/models/microsoft/phi-1_5/77aa61eeac94fbf33d492b9f2744c98b42d5b5eb/config.json "HTTP/1.1 200 OK"
[2025-12-05 14:34:13,229][httpx][INFO] - HTTP Request: HEAD https://huggingface.co/microsoft/phi-1_5/resolve/main/generation_config.json "HTTP/1.1 307 Temporary Redirect"
[2025-12-05 14:34:13,234][httpx][INFO] - HTTP Request: HEAD https://huggingface.co/api/resolve-cache/models/microsoft/phi-1_5/77aa61eeac94fbf33d492b9f2744c98b42d5b5eb/generation_config.json "HTTP/1.1 200 OK"
[2025-12-05 14:34:13,239][httpx][INFO] - HTTP Request: GET https://huggingface.co/api/resolve-cache/models/microsoft/phi-1_5/77aa61eeac94fbf33d492b9f2744c98b42d5b5eb/generation_config.json "HTTP/1.1 200 OK"
[2025-12-05 14:34:13,280][httpx][INFO] - HTTP Request: HEAD https://huggingface.co/microsoft/phi-1_5/resolve/main/custom_generate/generate.py "HTTP/1.1 404 Not Found"
[2025-12-05 14:34:13,298][httpx][INFO] - HTTP Request: HEAD https://huggingface.co/microsoft/phi-1_5/resolve/main/generation_config.json "HTTP/1.1 307 Temporary Redirect"
[2025-12-05 14:34:13,304][httpx][INFO] - HTTP Request: HEAD https://huggingface.co/api/resolve-cache/models/microsoft/phi-1_5/77aa61eeac94fbf33d492b9f2744c98b42d5b5eb/generation_config.json "HTTP/1.1 200 OK"
[2025-12-05 14:34:13,345][httpx][INFO] - HTTP Request: HEAD https://huggingface.co/microsoft/phi-1_5/resolve/main/custom_generate/generate.py "HTTP/1.1 404 Not Found"
[2025-12-05 14:34:13,608][accelerate.accelerator][WARNING] - Gradient accumulation steps mismatch: GradientAccumulationPlugin has 1, DeepSpeed config has 4. Using DeepSpeed's value.
