[2025-12-05 14:35:21,352][httpx][INFO] - HTTP Request: HEAD https://huggingface.co/microsoft/phi-1_5/resolve/main/tokenizer_config.json "HTTP/1.1 307 Temporary Redirect"
[2025-12-05 14:35:21,357][httpx][INFO] - HTTP Request: HEAD https://huggingface.co/api/resolve-cache/models/microsoft/phi-1_5/77aa61eeac94fbf33d492b9f2744c98b42d5b5eb/tokenizer_config.json "HTTP/1.1 200 OK"
[2025-12-05 14:35:21,394][httpx][INFO] - HTTP Request: HEAD https://huggingface.co/microsoft/phi-1_5/resolve/main/tokenizer_config.json "HTTP/1.1 307 Temporary Redirect"
[2025-12-05 14:35:21,395][httpx][INFO] - HTTP Request: HEAD https://huggingface.co/microsoft/phi-1_5/resolve/main/tokenizer.json "HTTP/1.1 307 Temporary Redirect"
[2025-12-05 14:35:21,399][httpx][INFO] - HTTP Request: HEAD https://huggingface.co/api/resolve-cache/models/microsoft/phi-1_5/77aa61eeac94fbf33d492b9f2744c98b42d5b5eb/tokenizer_config.json "HTTP/1.1 200 OK"
[2025-12-05 14:35:21,438][httpx][INFO] - HTTP Request: HEAD https://huggingface.co/microsoft/phi-1_5/resolve/main/tokenizer.json "HTTP/1.1 307 Temporary Redirect"
[2025-12-05 14:35:21,446][httpx][INFO] - HTTP Request: GET https://huggingface.co/api/models/microsoft/phi-1_5/tree/main/additional_chat_templates?recursive=false&expand=false "HTTP/1.1 404 Not Found"
[2025-12-05 14:35:21,488][httpx][INFO] - HTTP Request: GET https://huggingface.co/api/models/microsoft/phi-1_5/tree/main/additional_chat_templates?recursive=false&expand=false "HTTP/1.1 404 Not Found"
[2025-12-05 14:35:21,489][httpx][INFO] - HTTP Request: GET https://huggingface.co/api/models/microsoft/phi-1_5/tree/main?recursive=true&expand=false "HTTP/1.1 200 OK"
[2025-12-05 14:35:21,527][httpx][INFO] - HTTP Request: GET https://huggingface.co/api/models/microsoft/phi-1_5/tree/main?recursive=true&expand=false "HTTP/1.1 200 OK"
[2025-12-05 14:35:21,601][httpx][INFO] - HTTP Request: HEAD https://huggingface.co/datasets/locuslab/TOFU/resolve/main/README.md "HTTP/1.1 307 Temporary Redirect"
[2025-12-05 14:35:21,607][httpx][INFO] - HTTP Request: HEAD https://huggingface.co/api/resolve-cache/datasets/locuslab/TOFU/324592d84ae4f482ac7249b9285c2ecdb53e3a68/README.md "HTTP/1.1 200 OK"
[2025-12-05 14:35:21,642][httpx][INFO] - HTTP Request: HEAD https://huggingface.co/datasets/locuslab/TOFU/resolve/324592d84ae4f482ac7249b9285c2ecdb53e3a68/TOFU.py "HTTP/1.1 404 Not Found"
[2025-12-05 14:35:21,645][httpx][INFO] - HTTP Request: HEAD https://huggingface.co/datasets/locuslab/TOFU/resolve/main/README.md "HTTP/1.1 307 Temporary Redirect"
[2025-12-05 14:35:21,650][httpx][INFO] - HTTP Request: HEAD https://huggingface.co/api/resolve-cache/datasets/locuslab/TOFU/324592d84ae4f482ac7249b9285c2ecdb53e3a68/README.md "HTTP/1.1 200 OK"
[2025-12-05 14:35:21,687][httpx][INFO] - HTTP Request: HEAD https://huggingface.co/datasets/locuslab/TOFU/resolve/324592d84ae4f482ac7249b9285c2ecdb53e3a68/TOFU.py "HTTP/1.1 404 Not Found"
[2025-12-05 14:35:21,743][httpx][INFO] - HTTP Request: HEAD https://s3.amazonaws.com/datasets.huggingface.co/datasets/datasets/locuslab/TOFU/locuslab/TOFU.py "HTTP/1.1 404 Not Found"
[2025-12-05 14:35:21,783][httpx][INFO] - HTTP Request: GET https://huggingface.co/api/datasets/locuslab/TOFU/revision/324592d84ae4f482ac7249b9285c2ecdb53e3a68 "HTTP/1.1 200 OK"
[2025-12-05 14:35:21,786][httpx][INFO] - HTTP Request: HEAD https://s3.amazonaws.com/datasets.huggingface.co/datasets/datasets/locuslab/TOFU/locuslab/TOFU.py "HTTP/1.1 404 Not Found"
[2025-12-05 14:35:21,822][httpx][INFO] - HTTP Request: HEAD https://huggingface.co/datasets/locuslab/TOFU/resolve/324592d84ae4f482ac7249b9285c2ecdb53e3a68/.huggingface.yaml "HTTP/1.1 404 Not Found"
[2025-12-05 14:35:21,825][httpx][INFO] - HTTP Request: GET https://huggingface.co/api/datasets/locuslab/TOFU/revision/324592d84ae4f482ac7249b9285c2ecdb53e3a68 "HTTP/1.1 200 OK"
[2025-12-05 14:35:21,865][httpx][INFO] - HTTP Request: HEAD https://huggingface.co/datasets/locuslab/TOFU/resolve/324592d84ae4f482ac7249b9285c2ecdb53e3a68/.huggingface.yaml "HTTP/1.1 404 Not Found"
[2025-12-05 14:35:21,895][httpx][INFO] - HTTP Request: GET https://datasets-server.huggingface.co/info?dataset=locuslab/TOFU "HTTP/1.1 200 OK"
[2025-12-05 14:35:21,936][httpx][INFO] - HTTP Request: GET https://datasets-server.huggingface.co/info?dataset=locuslab/TOFU "HTTP/1.1 200 OK"
[2025-12-05 14:35:21,979][httpx][INFO] - HTTP Request: GET https://huggingface.co/api/datasets/locuslab/TOFU/tree/324592d84ae4f482ac7249b9285c2ecdb53e3a68?recursive=false&expand=false "HTTP/1.1 200 OK"
[2025-12-05 14:35:21,999][httpx][INFO] - HTTP Request: GET https://huggingface.co/api/datasets/locuslab/TOFU/tree/324592d84ae4f482ac7249b9285c2ecdb53e3a68?recursive=false&expand=false "HTTP/1.1 200 OK"
[2025-12-05 14:35:22,018][httpx][INFO] - HTTP Request: HEAD https://huggingface.co/datasets/locuslab/TOFU/resolve/324592d84ae4f482ac7249b9285c2ecdb53e3a68/dataset_infos.json "HTTP/1.1 404 Not Found"
[2025-12-05 14:35:22,039][httpx][INFO] - HTTP Request: HEAD https://huggingface.co/datasets/locuslab/TOFU/resolve/324592d84ae4f482ac7249b9285c2ecdb53e3a68/dataset_infos.json "HTTP/1.1 404 Not Found"
[2025-12-05 14:35:22,351][httpx][INFO] - HTTP Request: HEAD https://huggingface.co/microsoft/phi-1_5/resolve/main/config.json "HTTP/1.1 307 Temporary Redirect"
[2025-12-05 14:35:22,357][httpx][INFO] - HTTP Request: HEAD https://huggingface.co/api/resolve-cache/models/microsoft/phi-1_5/77aa61eeac94fbf33d492b9f2744c98b42d5b5eb/config.json "HTTP/1.1 200 OK"
[2025-12-05 14:35:22,367][httpx][INFO] - HTTP Request: HEAD https://huggingface.co/microsoft/phi-1_5/resolve/main/config.json "HTTP/1.1 307 Temporary Redirect"
[2025-12-05 14:35:22,371][httpx][INFO] - HTTP Request: HEAD https://huggingface.co/api/resolve-cache/models/microsoft/phi-1_5/77aa61eeac94fbf33d492b9f2744c98b42d5b5eb/config.json "HTTP/1.1 200 OK"
[2025-12-05 14:35:22,397][httpx][INFO] - HTTP Request: HEAD https://huggingface.co/microsoft/phi-1_5/resolve/main/config.json "HTTP/1.1 307 Temporary Redirect"
[2025-12-05 14:35:22,402][httpx][INFO] - HTTP Request: HEAD https://huggingface.co/api/resolve-cache/models/microsoft/phi-1_5/77aa61eeac94fbf33d492b9f2744c98b42d5b5eb/config.json "HTTP/1.1 200 OK"
[2025-12-05 14:35:22,415][httpx][INFO] - HTTP Request: HEAD https://huggingface.co/microsoft/phi-1_5/resolve/main/config.json "HTTP/1.1 307 Temporary Redirect"
[2025-12-05 14:35:22,419][httpx][INFO] - HTTP Request: HEAD https://huggingface.co/api/resolve-cache/models/microsoft/phi-1_5/77aa61eeac94fbf33d492b9f2744c98b42d5b5eb/config.json "HTTP/1.1 200 OK"
[2025-12-05 14:35:24,794][httpx][INFO] - HTTP Request: HEAD https://huggingface.co/microsoft/phi-1_5/resolve/main/generation_config.json "HTTP/1.1 307 Temporary Redirect"
[2025-12-05 14:35:24,799][httpx][INFO] - HTTP Request: HEAD https://huggingface.co/api/resolve-cache/models/microsoft/phi-1_5/77aa61eeac94fbf33d492b9f2744c98b42d5b5eb/generation_config.json "HTTP/1.1 200 OK"
[2025-12-05 14:35:24,838][httpx][INFO] - HTTP Request: HEAD https://huggingface.co/microsoft/phi-1_5/resolve/main/custom_generate/generate.py "HTTP/1.1 404 Not Found"
[2025-12-05 14:35:24,853][httpx][INFO] - HTTP Request: HEAD https://huggingface.co/microsoft/phi-1_5/resolve/main/generation_config.json "HTTP/1.1 307 Temporary Redirect"
[2025-12-05 14:35:24,858][httpx][INFO] - HTTP Request: HEAD https://huggingface.co/api/resolve-cache/models/microsoft/phi-1_5/77aa61eeac94fbf33d492b9f2744c98b42d5b5eb/generation_config.json "HTTP/1.1 200 OK"
[2025-12-05 14:35:24,894][httpx][INFO] - HTTP Request: HEAD https://huggingface.co/microsoft/phi-1_5/resolve/main/custom_generate/generate.py "HTTP/1.1 404 Not Found"
[2025-12-05 14:35:25,144][accelerate.accelerator][WARNING] - Gradient accumulation steps mismatch: GradientAccumulationPlugin has 1, DeepSpeed config has 4. Using DeepSpeed's value.
